  icode   ic inum1 inum2 inum3   subed  recmonps reccnstps  flow(m^3)   sed(t)      orgn(kg)    orgp(kg)    nitrate(kg) sol.p(kg)   sol.pst(mg) sor.pst(mg)
       1        1        1        0        0        0                         0.1014E+07  0.1902E+04  0.4081E+04  0.9020E+03  0.1494E+03  0.1827E+01  0.0000E+00  0.0000E+00
       1        2        2        0        0        0                         0.1937E+07  0.3933E+04  0.7878E+04  0.1742E+04  0.2850E+03  0.3381E+01  0.0000E+00  0.0000E+00
       1        3        3        0        0        0                         0.4766E+06  0.1260E+04  0.1959E+04  0.4339E+03  0.6889E+02  0.8873E+00  0.0000E+00  0.0000E+00
       1        4        4        0        0        0                         0.3620E+06  0.6994E+03  0.1447E+04  0.3199E+03  0.5261E+02  0.6277E+00  0.0000E+00  0.0000E+00
       1        5        5        0        0        0                         0.7169E+06  0.2039E+04  0.2849E+04  0.6344E+03  0.9591E+02  0.1953E+01  0.0000E+00  0.0000E+00
       1        6        6        0        0        0                         0.7720E+06  0.2319E+04  0.2997E+04  0.6700E+03  0.9760E+02  0.2553E+01  0.0000E+00  0.0000E+00
       1        7        7        0        0        0                         0.6494E+06  0.1144E+04  0.2585E+04  0.5713E+03  0.9564E+02  0.1209E+01  0.0000E+00  0.0000E+00
       1        8        8        0        0        0                         0.7472E+06  0.1057E+04  0.2891E+04  0.6383E+03  0.1113E+03  0.1580E+01  0.0000E+00  0.0000E+00
       1        9        9        0        0        0                         0.5726E+06  0.1174E+04  0.2306E+04  0.5101E+03  0.8319E+02  0.9704E+00  0.0000E+00  0.0000E+00
       1       10       10        0        0        0                         0.6289E+06  0.1281E+04  0.2529E+04  0.5592E+03  0.9113E+02  0.1076E+01  0.0000E+00  0.0000E+00
       1       11       11        0        0        0                         0.7378E+06  0.1899E+04  0.3052E+04  0.6752E+03  0.1080E+03  0.1240E+01  0.0000E+00  0.0000E+00
       1       12       12        0        0        0                         0.1408E+07  0.3458E+04  0.5795E+04  0.1282E+04  0.2052E+03  0.2398E+01  0.0000E+00  0.0000E+00
       1       13       13        0        0        0                         0.1349E+07  0.4119E+04  0.5677E+04  0.1257E+04  0.1979E+03  0.2170E+01  0.0000E+00  0.0000E+00
       1       14       14        0        0        0                         0.4417E+06  0.1173E+04  0.1833E+04  0.4056E+03  0.6485E+02  0.7365E+00  0.0000E+00  0.0000E+00
       1       15       15        0        0        0                         0.5659E+06  0.1987E+04  0.2315E+04  0.5123E+03  0.8640E+02  0.9145E+00  0.0000E+00  0.0000E+00
       1       16       16        0        0        0                         0.1053E+07  0.3377E+04  0.3987E+04  0.8808E+03  0.1644E+03  0.1752E+01  0.0000E+00  0.0000E+00
       1       17       17        0        0        0                         0.6233E+06  0.1408E+04  0.2541E+04  0.5622E+03  0.9099E+02  0.1018E+01  0.0000E+00  0.0000E+00
       1       18       18        0        0        0                         0.1303E+05  0.1247E+02  0.4629E+02  0.1021E+02  0.1949E+01  0.3206E-01  0.0000E+00  0.0000E+00
       1       19       19        0        0        0                         0.5897E+06  0.1687E+04  0.2461E+04  0.5448E+03  0.8650E+02  0.9733E+00  0.0000E+00  0.0000E+00
       1       20       20        0        0        0                         0.3189E+06  0.7156E+03  0.1299E+04  0.2874E+03  0.4671E+02  0.5220E+00  0.0000E+00  0.0000E+00
       1       21       21        0        0        0                         0.1592E+07  0.2956E+04  0.6418E+04  0.1419E+04  0.2360E+03  0.2903E+01  0.0000E+00  0.0000E+00
       1       22       22        0        0        0                         0.1974E+06  0.4073E+03  0.7953E+03  0.1759E+03  0.2891E+02  0.3334E+00  0.0000E+00  0.0000E+00
       1       23       23        0        0        0                         0.3832E+06  0.6225E+03  0.1503E+04  0.3320E+03  0.5640E+02  0.7509E+00  0.0000E+00  0.0000E+00
       1       24       24        0        0        0                         0.1465E+06  0.2437E+03  0.5740E+03  0.1268E+03  0.2134E+02  0.2712E+00  0.0000E+00  0.0000E+00
       1       25       25        0        0        0                         0.2579E+06  0.4526E+03  0.1020E+04  0.2254E+03  0.3755E+02  0.4687E+00  0.0000E+00  0.0000E+00
       1       26       26        0        0        0                         0.2636E+06  0.6404E+03  0.1083E+04  0.2396E+03  0.3869E+02  0.4503E+00  0.0000E+00  0.0000E+00
       1       27       27        0        0        0                         0.3637E+06  0.6698E+03  0.1448E+04  0.3200E+03  0.5292E+02  0.6473E+00  0.0000E+00  0.0000E+00
       1       28       28        0        0        0                         0.1060E+05  0.8287E+01  0.3585E+02  0.7900E+01  0.1589E+01  0.2911E-01  0.0000E+00  0.0000E+00
       1       29       29        0        0        0                         0.9680E+06  0.3052E+04  0.4049E+04  0.8962E+03  0.1411E+03  0.1588E+01  0.0000E+00  0.0000E+00
       1       30       30        0        0        0                         0.6809E+05  0.1169E+03  0.2521E+03  0.5571E+02  0.9518E+01  0.1506E+00  0.0000E+00  0.0000E+00
       1       31       31        0        0        0                         0.3150E+06  0.5592E+03  0.9869E+03  0.2178E+03  0.3918E+02  0.1025E+01  0.0000E+00  0.0000E+00
       2       32        1        1        1        0                         0.1014E+07  0.1902E+04  0.4079E+04  0.9015E+03  0.1493E+03  0.2216E+01  0.0000E+00  0.0000E+00
       2       33        2        2        2        0                         0.1937E+07  0.3933E+04  0.7873E+04  0.1741E+04  0.2848E+03  0.4454E+01  0.0000E+00  0.0000E+00
       2       34        3        3        3        0                         0.4764E+06  0.1260E+04  0.1958E+04  0.4336E+03  0.6884E+02  0.1063E+01  0.0000E+00  0.0000E+00
       2       35        4        4        4        0                         0.3620E+06  0.6994E+03  0.1447E+04  0.3199E+03  0.5260E+02  0.6353E+00  0.0000E+00  0.0000E+00
       2       36        5        5        5        0                         0.7169E+06  0.2039E+04  0.2849E+04  0.6343E+03  0.9589E+02  0.2025E+01  0.0000E+00  0.0000E+00
       2       37        6        6        6        0                         0.7714E+06  0.2319E+04  0.2995E+04  0.6694E+03  0.9749E+02  0.3001E+01  0.0000E+00  0.0000E+00
       2       38        7        7        7        0                         0.6491E+06  0.1144E+04  0.2584E+04  0.5710E+03  0.9559E+02  0.1447E+01  0.0000E+00  0.0000E+00
       2       39        8        8        8        0                         0.7470E+06  0.1057E+04  0.2890E+04  0.6380E+03  0.1112E+03  0.1802E+01  0.0000E+00  0.0000E+00
       2       40        9        9        9        0                         0.5723E+06  0.1174E+04  0.2305E+04  0.5097E+03  0.8313E+02  0.1230E+01  0.0000E+00  0.0000E+00
       2       41       10       10       10        0                         0.6288E+06  0.1281E+04  0.2528E+04  0.5589E+03  0.9109E+02  0.1261E+01  0.0000E+00  0.0000E+00
       2       42       11       11       11        0                         0.7376E+06  0.1899E+04  0.3051E+04  0.6750E+03  0.1080E+03  0.1386E+01  0.0000E+00  0.0000E+00
       2       43       12       12       12        0                         0.1407E+07  0.3458E+04  0.5790E+04  0.1280E+04  0.2050E+03  0.3541E+01  0.0000E+00  0.0000E+00
       2       44       13       13       13        0                         0.1349E+07  0.4119E+04  0.5674E+04  0.1256E+04  0.1978E+03  0.2859E+01  0.0000E+00  0.0000E+00
       2       45       14       14       14        0                         0.4417E+06  0.1173E+04  0.1833E+04  0.4055E+03  0.6483E+02  0.8077E+00  0.0000E+00  0.0000E+00
       2       46       15       15       15        0                         0.5657E+06  0.1987E+04  0.2314E+04  0.5121E+03  0.8636E+02  0.1103E+01  0.0000E+00  0.0000E+00
       2       47       16       16       16        0                         0.1053E+07  0.3377E+04  0.3985E+04  0.8803E+03  0.1644E+03  0.2126E+01  0.0000E+00  0.0000E+00
       5       48       19       34        0        0                         0.1066E+07  0.2947E+04  0.4420E+04  0.9784E+03  0.1553E+03  0.2036E+01  0.0000E+00  0.0000E+00
       5       49       48       36        0        0                         0.1783E+07  0.4986E+04  0.7269E+04  0.1613E+04  0.2512E+03  0.4061E+01  0.0000E+00  0.0000E+00
       2       50       19       49       19        0                         0.1782E+07  0.5027E+03  0.7266E+04  0.1612E+04  0.2511E+03  0.4762E+01  0.0000E+00  0.0000E+00
       5       51       18       40        0        0                         0.5854E+06  0.1186E+04  0.2352E+04  0.5199E+03  0.8508E+02  0.1262E+01  0.0000E+00  0.0000E+00
       5       52       51       41        0        0                         0.1214E+07  0.2467E+04  0.4879E+04  0.1079E+04  0.1762E+03  0.2523E+01  0.0000E+00  0.0000E+00
       2       53       18       52       18        0                         0.1214E+07  0.1723E+03  0.4879E+04  0.1079E+04  0.1762E+03  0.2603E+01  0.0000E+00  0.0000E+00
       5       54       20       37        0        0                         0.1090E+07  0.3035E+04  0.4294E+04  0.9567E+03  0.1442E+03  0.3523E+01  0.0000E+00  0.0000E+00
       5       55       54       42        0        0                         0.1828E+07  0.4933E+04  0.7345E+04  0.1632E+04  0.2522E+03  0.4909E+01  0.0000E+00  0.0000E+00
       2       56       20       55       20        0                         0.1828E+07  0.4611E+03  0.7344E+04  0.1631E+04  0.2522E+03  0.5084E+01  0.0000E+00  0.0000E+00
       5       57       22       50        0        0                         0.1980E+07  0.9100E+03  0.8061E+04  0.1788E+04  0.2800E+03  0.5096E+01  0.0000E+00  0.0000E+00
       5       58       57       56        0        0                         0.3808E+07  0.1371E+04  0.1541E+05  0.3419E+04  0.5321E+03  0.1018E+02  0.0000E+00  0.0000E+00
       2       59       22       58       22        0                         0.3807E+07  0.9976E+03  0.1540E+05  0.3418E+04  0.5320E+03  0.1091E+02  0.0000E+00  0.0000E+00
       5       60       17       35        0        0                         0.9854E+06  0.2108E+04  0.3988E+04  0.8820E+03  0.1436E+03  0.1653E+01  0.0000E+00  0.0000E+00
       5       61       60       39        0        0                         0.1732E+07  0.3165E+04  0.6878E+04  0.1520E+04  0.2548E+03  0.3455E+01  0.0000E+00  0.0000E+00
       2       62       17       61       17        0                         0.1732E+07  0.4190E+03  0.6875E+04  0.1519E+04  0.2547E+03  0.4051E+01  0.0000E+00  0.0000E+00
       5       63       21       32        0        0                         0.2606E+07  0.4858E+04  0.1050E+05  0.2320E+04  0.3853E+03  0.5119E+01  0.0000E+00  0.0000E+00
       5       64       63       62        0        0                         0.4338E+07  0.5278E+04  0.1737E+05  0.3839E+04  0.6400E+03  0.9170E+01  0.0000E+00  0.0000E+00
       2       65       21       64       21        0                         0.4336E+07  0.1190E+04  0.1736E+05  0.3836E+04  0.6395E+03  0.1177E+02  0.0000E+00  0.0000E+00
       5       66       23       33        0        0                         0.2320E+07  0.4556E+04  0.9376E+04  0.2073E+04  0.3412E+03  0.5205E+01  0.0000E+00  0.0000E+00
       5       67       66       65        0        0                         0.6656E+07  0.5746E+04  0.2674E+05  0.5909E+04  0.9808E+03  0.1698E+02  0.0000E+00  0.0000E+00
       2       68       23       67       23        0                         0.6655E+07  0.2434E+04  0.2673E+05  0.5908E+04  0.9805E+03  0.1810E+02  0.0000E+00  0.0000E+00
       5       69       24       53        0        0                         0.1361E+07  0.4160E+03  0.5453E+04  0.1206E+04  0.1975E+03  0.2874E+01  0.0000E+00  0.0000E+00
       5       70       69       68        0        0                         0.8016E+07  0.2850E+04  0.3219E+05  0.7113E+04  0.1178E+04  0.2097E+02  0.0000E+00  0.0000E+00
       2       71       24       70       24        0                         0.8015E+07  0.2443E+04  0.3218E+05  0.7112E+04  0.1178E+04  0.2190E+02  0.0000E+00  0.0000E+00
       5       72       25       38        0        0                         0.9070E+06  0.1597E+04  0.3604E+04  0.7964E+03  0.1331E+03  0.1915E+01  0.0000E+00  0.0000E+00
       5       73       72       71        0        0                         0.8922E+07  0.4039E+04  0.3579E+05  0.7908E+04  0.1311E+04  0.2382E+02  0.0000E+00  0.0000E+00
       2       74       25       73       25        0                         0.8921E+07  0.3586E+04  0.3578E+05  0.7907E+04  0.1311E+04  0.2505E+02  0.0000E+00  0.0000E+00
       5       75       26       43        0        0                         0.1671E+07  0.4098E+04  0.6873E+04  0.1520E+04  0.2437E+03  0.3992E+01  0.0000E+00  0.0000E+00
       5       76       75       74        0        0                         0.1059E+08  0.7684E+04  0.4266E+05  0.9427E+04  0.1554E+04  0.2904E+02  0.0000E+00  0.0000E+00
       2       77       26       76       26        0                         0.1059E+08  0.3763E+04  0.4266E+05  0.9426E+04  0.1554E+04  0.2986E+02  0.0000E+00  0.0000E+00
       5       78       27       59        0        0                         0.4171E+07  0.1667E+04  0.1685E+05  0.3738E+04  0.5849E+03  0.1156E+02  0.0000E+00  0.0000E+00
       5       79       78       77        0        0                         0.1476E+08  0.5431E+04  0.5951E+05  0.1316E+05  0.2139E+04  0.4142E+02  0.0000E+00  0.0000E+00
       2       80       27       79       27        0                         0.1476E+08  0.5431E+04  0.5950E+05  0.1316E+05  0.2139E+04  0.4399E+02  0.0000E+00  0.0000E+00
       5       81       28       45        0        0                         0.4523E+06  0.1181E+04  0.1869E+04  0.4134E+03  0.6642E+02  0.8368E+00  0.0000E+00  0.0000E+00
       5       82       81       80        0        0                         0.1521E+08  0.6612E+04  0.6137E+05  0.1357E+05  0.2205E+04  0.4482E+02  0.0000E+00  0.0000E+00
       2       83       28       82       28        0                         0.1521E+08  0.5372E+04  0.6136E+05  0.1357E+05  0.2205E+04  0.4499E+02  0.0000E+00  0.0000E+00
       5       84       29       44        0        0                         0.2317E+07  0.7170E+04  0.9722E+04  0.2152E+04  0.3389E+03  0.4447E+01  0.0000E+00  0.0000E+00
       5       85       84       83        0        0                         0.1753E+08  0.1254E+05  0.7109E+05  0.1573E+05  0.2544E+04  0.4944E+02  0.0000E+00  0.0000E+00
       2       86       29       85       29        0                         0.1753E+08  0.6278E+04  0.7107E+05  0.1572E+05  0.2543E+04  0.5511E+02  0.0000E+00  0.0000E+00
       5       87       30       46        0        0                         0.6338E+06  0.2104E+04  0.2566E+04  0.5678E+03  0.9588E+02  0.1254E+01  0.0000E+00  0.0000E+00
       5       88       87       86        0        0                         0.1816E+08  0.8383E+04  0.7363E+05  0.1629E+05  0.2639E+04  0.5636E+02  0.0000E+00  0.0000E+00
       2       89       30       88       30        0                         0.1816E+08  0.1214E+04  0.7363E+05  0.1629E+05  0.2638E+04  0.5727E+02  0.0000E+00  0.0000E+00
       5       90       31       47        0        0                         0.1368E+07  0.3936E+04  0.4972E+04  0.1098E+04  0.2035E+03  0.3150E+01  0.0000E+00  0.0000E+00
       5       91       90       89        0        0                         0.1953E+08  0.5150E+04  0.7860E+05  0.1738E+05  0.2842E+04  0.6042E+02  0.0000E+00  0.0000E+00
       2       92       31       91       31        0                         0.1953E+08  0.4029E+04  0.7858E+05  0.1738E+05  0.2841E+04  0.6584E+02  0.0000E+00  0.0000E+00
      14       92        1        0        0        0                         0.1953E+08  0.4029E+04  0.7858E+05  0.1738E+05  0.2841E+04  0.6584E+02  0.0000E+00  0.0000E+00
