  icode   ic inum1 inum2 inum3   subed  recmonps reccnstps  flow(m^3)   sed(t)      orgn(kg)    orgp(kg)    nitrate(kg) sol.p(kg)   sol.pst(mg) sor.pst(mg)
       1        1        1        0        0        0                         0.1699E+07  0.2766E+04  0.4599E+04  0.1015E+04  0.1908E+03  0.1046E+02  0.0000E+00  0.0000E+00
       1        2        2        0        0        0                         0.2398E+07  0.4160E+04  0.7220E+04  0.1596E+04  0.3427E+03  0.1025E+02  0.0000E+00  0.0000E+00
       1        3        3        0        0        0                         0.1785E+07  0.5374E+04  0.6826E+04  0.1511E+04  0.2548E+03  0.5053E+01  0.0000E+00  0.0000E+00
       1        4        4        0        0        0                         0.7938E+07  0.2133E+05  0.3118E+05  0.6903E+04  0.1145E+04  0.2097E+02  0.0000E+00  0.0000E+00
       1        5        5        0        0        0                         0.6219E+07  0.1991E+05  0.2499E+05  0.5529E+04  0.8791E+03  0.1090E+02  0.0000E+00  0.0000E+00
       1        6        6        0        0        0                         0.2648E+06  0.1644E+03  0.3268E+03  0.7175E+02  0.1871E+02  0.3014E+01  0.0000E+00  0.0000E+00
       1        7        7        0        0        0                         0.4217E+06  0.2516E+03  0.9137E+03  0.2014E+03  0.3888E+02  0.3573E+01  0.0000E+00  0.0000E+00
       1        8        8        0        0        0                         0.3113E+07  0.6398E+04  0.1045E+05  0.2312E+04  0.3744E+03  0.1487E+02  0.0000E+00  0.0000E+00
       1        9        9        0        0        0                         0.1235E+06  0.5163E+02  0.2338E+03  0.5155E+02  0.4630E+02  0.9997E+00  0.0000E+00  0.0000E+00
       2       10        1        1        1        0                         0.1699E+07  0.2766E+04  0.4598E+04  0.1015E+04  0.1908E+03  0.1064E+02  0.0000E+00  0.0000E+00
       2       11        2        2        2        0                         0.2398E+07  0.4160E+04  0.7219E+04  0.1596E+04  0.3427E+03  0.1056E+02  0.0000E+00  0.0000E+00
       2       12        3        3        3        0                         0.1785E+07  0.5374E+04  0.6826E+04  0.1511E+04  0.2547E+03  0.5140E+01  0.0000E+00  0.0000E+00
       2       13        4        4        4        0                         0.7933E+07  0.2133E+05  0.3115E+05  0.6892E+04  0.1144E+04  0.3009E+02  0.0000E+00  0.0000E+00
       2       14        5        5        5        0                         0.6215E+07  0.1991E+05  0.2496E+05  0.5520E+04  0.8777E+03  0.1770E+02  0.0000E+00  0.0000E+00
       5       15        6       11        0        0                         0.2663E+07  0.4325E+04  0.7545E+04  0.1668E+04  0.3614E+03  0.1357E+02  0.0000E+00  0.0000E+00
       5       16       15       12        0        0                         0.4448E+07  0.9699E+04  0.1437E+05  0.3179E+04  0.6161E+03  0.1871E+02  0.0000E+00  0.0000E+00
       2       17        6       16        6        0                         0.4447E+07  0.7639E+03  0.1437E+05  0.3178E+04  0.6160E+03  0.1952E+02  0.0000E+00  0.0000E+00
       5       18        7       14        0        0                         0.6637E+07  0.2016E+05  0.2588E+05  0.5721E+04  0.9166E+03  0.2127E+02  0.0000E+00  0.0000E+00
       5       19       18       17        0        0                         0.1108E+08  0.2092E+05  0.4025E+05  0.8899E+04  0.1533E+04  0.4079E+02  0.0000E+00  0.0000E+00
       2       20        7       19        7        0                         0.1108E+08  0.3024E+04  0.4023E+05  0.8895E+04  0.1532E+04  0.4450E+02  0.0000E+00  0.0000E+00
       5       21        8       10        0        0                         0.4812E+07  0.9164E+04  0.1505E+05  0.3327E+04  0.5651E+03  0.2551E+02  0.0000E+00  0.0000E+00
       5       22       21       20        0        0                         0.1589E+08  0.1219E+05  0.5528E+05  0.1222E+05  0.2097E+04  0.7001E+02  0.0000E+00  0.0000E+00
       2       23        8       22        8        0                         0.1589E+08  0.2810E+04  0.5525E+05  0.1221E+05  0.2096E+04  0.7778E+02  0.0000E+00  0.0000E+00
       5       24        9       13        0        0                         0.8056E+07  0.2138E+05  0.3138E+05  0.6943E+04  0.1190E+04  0.3109E+02  0.0000E+00  0.0000E+00
       5       25       24       23        0        0                         0.2395E+08  0.2419E+05  0.8663E+05  0.1916E+05  0.3286E+04  0.1089E+03  0.0000E+00  0.0000E+00
       2       26        9       25        9        0                         0.2395E+08  0.6510E+04  0.8662E+05  0.1915E+05  0.3285E+04  0.1117E+03  0.0000E+00  0.0000E+00
      14       26        1        0        0        0                         0.2395E+08  0.6510E+04  0.8662E+05  0.1915E+05  0.3285E+04  0.1117E+03  0.0000E+00  0.0000E+00
