  icode   ic inum1 inum2 inum3   subed  recmonps reccnstps  flow(m^3)   sed(t)      orgn(kg)    orgp(kg)    nitrate(kg) sol.p(kg)   sol.pst(mg) sor.pst(mg)
       1        1        1        0        0        0                         0.1787E+07  0.2717E+04  0.7785E+04  0.1704E+04  0.2919E+03  0.3587E+01  0.0000E+00  0.0000E+00
       1        2        2        0        0        0                         0.1654E+07  0.5143E+04  0.6825E+04  0.1510E+04  0.2425E+03  0.2717E+01  0.0000E+00  0.0000E+00
       1        3        3        0        0        0                         0.2371E+07  0.3033E+04  0.1004E+05  0.2196E+04  0.3518E+03  0.5137E+01  0.0000E+00  0.0000E+00
       1        4        4        0        0        0                         0.2158E+07  0.4739E+04  0.8820E+04  0.1952E+04  0.3138E+03  0.3615E+01  0.0000E+00  0.0000E+00
       1        5        5        0        0        0                         0.2304E+07  0.2117E+04  0.8731E+04  0.1916E+04  0.3347E+03  0.5937E+01  0.0000E+00  0.0000E+00
       1        6        6        0        0        0                         0.2047E+07  0.2409E+04  0.7748E+04  0.1709E+04  0.3035E+03  0.4725E+01  0.0000E+00  0.0000E+00
       1        7        7        0        0        0                         0.2277E+07  0.2922E+04  0.8916E+04  0.1965E+04  0.3426E+03  0.4984E+01  0.0000E+00  0.0000E+00
       1        8        8        0        0        0                         0.6749E+06  0.1139E+04  0.2681E+04  0.5923E+03  0.1001E+03  0.1279E+01  0.0000E+00  0.0000E+00
       1        9        9        0        0        0                         0.4551E+07  0.1169E+05  0.1880E+05  0.4160E+04  0.6576E+03  0.7750E+01  0.0000E+00  0.0000E+00
       1       10       10        0        0        0                         0.2070E+07  0.4441E+04  0.8194E+04  0.1812E+04  0.2957E+03  0.3600E+01  0.0000E+00  0.0000E+00
       1       11       11        0        0        0                         0.1717E+06  0.3680E+03  0.5922E+03  0.1308E+03  0.2513E+02  0.3542E+00  0.0000E+00  0.0000E+00
       2       12        1        1        1        0                         0.1786E+07  0.2717E+04  0.7779E+04  0.1702E+04  0.2917E+03  0.5003E+01  0.0000E+00  0.0000E+00
       2       13        2        2        2        0                         0.1653E+07  0.5143E+04  0.6821E+04  0.1509E+04  0.2424E+03  0.3488E+01  0.0000E+00  0.0000E+00
       2       14        3        3        3        0                         0.2371E+07  0.3033E+04  0.1003E+05  0.2194E+04  0.3515E+03  0.6682E+01  0.0000E+00  0.0000E+00
       2       15        4        4        4        0                         0.2157E+07  0.4739E+04  0.8816E+04  0.1950E+04  0.3136E+03  0.4658E+01  0.0000E+00  0.0000E+00
       2       16        5        5        5        0                         0.2303E+07  0.2117E+04  0.8724E+04  0.1914E+04  0.3345E+03  0.7536E+01  0.0000E+00  0.0000E+00
       2       17        6        6        6        0                         0.2046E+07  0.2409E+04  0.7745E+04  0.1709E+04  0.3033E+03  0.5439E+01  0.0000E+00  0.0000E+00
       5       18        7       12        0        0                         0.4063E+07  0.5638E+04  0.1670E+05  0.3667E+04  0.6343E+03  0.9987E+01  0.0000E+00  0.0000E+00
       5       19       18       14        0        0                         0.6433E+07  0.8671E+04  0.2673E+05  0.5861E+04  0.9858E+03  0.1667E+02  0.0000E+00  0.0000E+00
       2       20        7       19        7        0                         0.6432E+07  0.1487E+04  0.2672E+05  0.5858E+04  0.9854E+03  0.1922E+02  0.0000E+00  0.0000E+00
       5       21        8       16        0        0                         0.2978E+07  0.3256E+04  0.1141E+05  0.2506E+04  0.4346E+03  0.8816E+01  0.0000E+00  0.0000E+00
       5       22       21       20        0        0                         0.9410E+07  0.4743E+04  0.3813E+05  0.8364E+04  0.1420E+04  0.2803E+02  0.0000E+00  0.0000E+00
       2       23        8       22        8        0                         0.9409E+07  0.3712E+04  0.3812E+05  0.8362E+04  0.1420E+04  0.2998E+02  0.0000E+00  0.0000E+00
       5       24        9       17        0        0                         0.6598E+07  0.1410E+05  0.2655E+05  0.5868E+04  0.9610E+03  0.1319E+02  0.0000E+00  0.0000E+00
       5       25       24       23        0        0                         0.1601E+08  0.1781E+05  0.6467E+05  0.1423E+05  0.2381E+04  0.4317E+02  0.0000E+00  0.0000E+00
       2       26        9       25        9        0                         0.1600E+08  0.5227E+04  0.6462E+05  0.1421E+05  0.2378E+04  0.5722E+02  0.0000E+00  0.0000E+00
       5       27       10       15        0        0                         0.4226E+07  0.9179E+04  0.1701E+05  0.3763E+04  0.6093E+03  0.8258E+01  0.0000E+00  0.0000E+00
       5       28       27       26        0        0                         0.2023E+08  0.1441E+05  0.8163E+05  0.1798E+05  0.2987E+04  0.6548E+02  0.0000E+00  0.0000E+00
       2       29       10       28       10        0                         0.2022E+08  0.6698E+04  0.8159E+05  0.1796E+05  0.2986E+04  0.7561E+02  0.0000E+00  0.0000E+00
       5       30       11       13        0        0                         0.1825E+07  0.5511E+04  0.7414E+04  0.1640E+04  0.2675E+03  0.3842E+01  0.0000E+00  0.0000E+00
       5       31       30       29        0        0                         0.2205E+08  0.1221E+05  0.8901E+05  0.1960E+05  0.3253E+04  0.7945E+02  0.0000E+00  0.0000E+00
       2       32       11       31       11        0                         0.2205E+08  0.6413E+04  0.8900E+05  0.1960E+05  0.3253E+04  0.8093E+02  0.0000E+00  0.0000E+00
      14       32        1        0        0        0                         0.2205E+08  0.6413E+04  0.8900E+05  0.1960E+05  0.3253E+04  0.8093E+02  0.0000E+00  0.0000E+00
