  icode   ic inum1 inum2 inum3   subed  recmonps reccnstps  flow(m^3)   sed(t)      orgn(kg)    orgp(kg)    nitrate(kg) sol.p(kg)   sol.pst(mg) sor.pst(mg)
       1        1        1        0        0        0                         0.8453E+06  0.1589E+04  0.3395E+04  0.7506E+03  0.1240E+03  0.1516E+01  0.0000E+00  0.0000E+00
       1        2        2        0        0        0                         0.9823E+06  0.1753E+04  0.3929E+04  0.8682E+03  0.1454E+03  0.1833E+01  0.0000E+00  0.0000E+00
       1        3        3        0        0        0                         0.4898E+06  0.7116E+03  0.1907E+04  0.4211E+03  0.7309E+02  0.1000E+01  0.0000E+00  0.0000E+00
       1        4        4        0        0        0                         0.7912E+06  0.1397E+04  0.3104E+04  0.6863E+03  0.1149E+03  0.1654E+01  0.0000E+00  0.0000E+00
       1        5        5        0        0        0                         0.5172E+06  0.8634E+03  0.1922E+04  0.4244E+03  0.7267E+02  0.1044E+01  0.0000E+00  0.0000E+00
       1        6        6        0        0        0                         0.9696E+06  0.9770E+03  0.3410E+04  0.7516E+03  0.1398E+03  0.2388E+01  0.0000E+00  0.0000E+00
       1        7        7        0        0        0                         0.5043E+06  0.6237E+03  0.1901E+04  0.4197E+03  0.7468E+02  0.1181E+01  0.0000E+00  0.0000E+00
       1        8        8        0        0        0                         0.3998E+06  0.5648E+03  0.1540E+04  0.3400E+03  0.5929E+02  0.8593E+00  0.0000E+00  0.0000E+00
       1        9        9        0        0        0                         0.2419E+06  0.1623E+03  0.6461E+03  0.1419E+03  0.2889E+02  0.6803E+00  0.0000E+00  0.0000E+00
       1       10       10        0        0        0                         0.1187E+06  0.5711E+02  0.2484E+03  0.5428E+02  0.1125E+02  0.3969E+00  0.0000E+00  0.0000E+00
       1       11       11        0        0        0                         0.2959E+06  0.1358E+03  0.6949E+03  0.1526E+03  0.3524E+02  0.1307E+01  0.0000E+00  0.0000E+00
       2       12        1        1        1        0                         0.8450E+06  0.1589E+04  0.3394E+04  0.7501E+03  0.1239E+03  0.1901E+01  0.0000E+00  0.0000E+00
       2       13        2        2        2        0                         0.9820E+06  0.1753E+04  0.3927E+04  0.8677E+03  0.1453E+03  0.2209E+01  0.0000E+00  0.0000E+00
       2       14        3        3        3        0                         0.4896E+06  0.7116E+03  0.1906E+04  0.4209E+03  0.7306E+02  0.1110E+01  0.0000E+00  0.0000E+00
       2       15        4        4        4        0                         0.7910E+06  0.1397E+04  0.3103E+04  0.6860E+03  0.1149E+03  0.1865E+01  0.0000E+00  0.0000E+00
       2       16        5        5        5        0                         0.5171E+06  0.8634E+03  0.1921E+04  0.4243E+03  0.7264E+02  0.1156E+01  0.0000E+00  0.0000E+00
       2       17        6        6        6        0                         0.9690E+06  0.9770E+03  0.3407E+04  0.7507E+03  0.1396E+03  0.3063E+01  0.0000E+00  0.0000E+00
       5       18        7       14        0        0                         0.9939E+06  0.1335E+04  0.3808E+04  0.8406E+03  0.1477E+03  0.2291E+01  0.0000E+00  0.0000E+00
       5       19       18       15        0        0                         0.1785E+07  0.2733E+04  0.6911E+04  0.1527E+04  0.2626E+03  0.4157E+01  0.0000E+00  0.0000E+00
       2       20        7       19        7        0                         0.1785E+07  0.3736E+03  0.6909E+04  0.1526E+04  0.2625E+03  0.4683E+01  0.0000E+00  0.0000E+00
       5       21        8       12        0        0                         0.1245E+07  0.2154E+04  0.4934E+04  0.1090E+04  0.1832E+03  0.2760E+01  0.0000E+00  0.0000E+00
       5       22       21       20        0        0                         0.3029E+07  0.2527E+04  0.1184E+05  0.2616E+04  0.4457E+03  0.7444E+01  0.0000E+00  0.0000E+00
       2       23        8       22        8        0                         0.3029E+07  0.6361E+03  0.1184E+05  0.2615E+04  0.4455E+03  0.8503E+01  0.0000E+00  0.0000E+00
       5       24        9       13        0        0                         0.1224E+07  0.1915E+04  0.4573E+04  0.1010E+04  0.1742E+03  0.2890E+01  0.0000E+00  0.0000E+00
       5       25       24       23        0        0                         0.4253E+07  0.2551E+04  0.1641E+05  0.3624E+04  0.6197E+03  0.1139E+02  0.0000E+00  0.0000E+00
       2       26        9       25        9        0                         0.4252E+07  0.1059E+04  0.1641E+05  0.3622E+04  0.6194E+03  0.1289E+02  0.0000E+00  0.0000E+00
       5       27       10       16        0        0                         0.6358E+06  0.9205E+03  0.2169E+04  0.4785E+03  0.8390E+02  0.1553E+01  0.0000E+00  0.0000E+00
       5       28       27       26        0        0                         0.4888E+07  0.1979E+04  0.1857E+05  0.4101E+04  0.7033E+03  0.1444E+02  0.0000E+00  0.0000E+00
       2       29       10       28       10        0                         0.4887E+07  0.1078E+04  0.1857E+05  0.4100E+04  0.7031E+03  0.1532E+02  0.0000E+00  0.0000E+00
       5       30       11       17        0        0                         0.1265E+07  0.1113E+04  0.4102E+04  0.9033E+03  0.1749E+03  0.4371E+01  0.0000E+00  0.0000E+00
       5       31       30       29        0        0                         0.6152E+07  0.2191E+04  0.2267E+05  0.5003E+04  0.8780E+03  0.1969E+02  0.0000E+00  0.0000E+00
       2       32       11       31       11        0                         0.6152E+07  0.8151E+03  0.2267E+05  0.5002E+04  0.8779E+03  0.2029E+02  0.0000E+00  0.0000E+00
      14       32        1        0        0        0                         0.6152E+07  0.8151E+03  0.2267E+05  0.5002E+04  0.8779E+03  0.2029E+02  0.0000E+00  0.0000E+00
