  icode   ic inum1 inum2 inum3   subed  recmonps reccnstps  flow(m^3)   sed(t)      orgn(kg)    orgp(kg)    nitrate(kg) sol.p(kg)   sol.pst(mg) sor.pst(mg)
       1        1        1        0        0        0                         0.4095E+07  0.7687E+04  0.1747E+05  0.3839E+04  0.6163E+03  0.7699E+01  0.0000E+00  0.0000E+00
       1        2        2        0        0        0                         0.3745E+07  0.7834E+04  0.1736E+05  0.3858E+04  0.1077E+04  0.1592E+02  0.0000E+00  0.0000E+00
       1        3        3        0        0        0                         0.5592E+07  0.1124E+05  0.2558E+05  0.5719E+04  0.1518E+04  0.2888E+02  0.0000E+00  0.0000E+00
       1        4        4        0        0        0                         0.3978E+07  0.6588E+04  0.1591E+05  0.3516E+04  0.5925E+03  0.7732E+01  0.0000E+00  0.0000E+00
       1        5        5        0        0        0                         0.2866E+07  0.5651E+04  0.1162E+05  0.2570E+04  0.4206E+03  0.5148E+01  0.0000E+00  0.0000E+00
       1        6        6        0        0        0                         0.2469E+07  0.4586E+04  0.1023E+05  0.2253E+04  0.3986E+03  0.5087E+01  0.0000E+00  0.0000E+00
       1        7        7        0        0        0                         0.6082E+06  0.1147E+04  0.2425E+04  0.5361E+03  0.8809E+02  0.1105E+01  0.0000E+00  0.0000E+00
       1        8        8        0        0        0                         0.5954E+06  0.9582E+03  0.2261E+04  0.4995E+03  0.8473E+02  0.1342E+01  0.0000E+00  0.0000E+00
       1        9        9        0        0        0                         0.2567E+07  0.4653E+04  0.1025E+05  0.2268E+04  0.3725E+03  0.4842E+01  0.0000E+00  0.0000E+00
       1       10       10        0        0        0                         0.7869E+06  0.1340E+04  0.2893E+04  0.6432E+03  0.9060E+02  0.1900E+01  0.0000E+00  0.0000E+00
       1       11       11        0        0        0                         0.1438E+07  0.3023E+04  0.5894E+04  0.1304E+04  0.1951E+03  0.2717E+01  0.0000E+00  0.0000E+00
       2       12        1        1        1        0                         0.4092E+07  0.7687E+04  0.1746E+05  0.3834E+04  0.6155E+03  0.1184E+02  0.0000E+00  0.0000E+00
       2       13        2        2        2        0                         0.3744E+07  0.7834E+04  0.1735E+05  0.3855E+04  0.1076E+04  0.1843E+02  0.0000E+00  0.0000E+00
       2       14        3        3        3        0                         0.5589E+07  0.1124E+05  0.2556E+05  0.5714E+04  0.1516E+04  0.3280E+02  0.0000E+00  0.0000E+00
       2       15        4        4        4        0                         0.3976E+07  0.6588E+04  0.1590E+05  0.3512E+04  0.5920E+03  0.1073E+02  0.0000E+00  0.0000E+00
       2       16        5        5        5        0                         0.2864E+07  0.5651E+04  0.1161E+05  0.2567E+04  0.4202E+03  0.7644E+01  0.0000E+00  0.0000E+00
       2       17        6        6        6        0                         0.2469E+07  0.4586E+04  0.1022E+05  0.2252E+04  0.3985E+03  0.5879E+01  0.0000E+00  0.0000E+00
       5       18        7       13        0        0                         0.4352E+07  0.8981E+04  0.1977E+05  0.4391E+04  0.1164E+04  0.1953E+02  0.0000E+00  0.0000E+00
       5       19       18       14        0        0                         0.9941E+07  0.2022E+05  0.4534E+05  0.1011E+05  0.2681E+04  0.5233E+02  0.0000E+00  0.0000E+00
       2       20        7       19        7        0                         0.9940E+07  0.2335E+04  0.4533E+05  0.1010E+05  0.2680E+04  0.5557E+02  0.0000E+00  0.0000E+00
       5       21        8       12        0        0                         0.4687E+07  0.8645E+04  0.1972E+05  0.4334E+04  0.7003E+03  0.1318E+02  0.0000E+00  0.0000E+00
       5       22       21       20        0        0                         0.1463E+08  0.1098E+05  0.6504E+05  0.1444E+05  0.3380E+04  0.6875E+02  0.0000E+00  0.0000E+00
       2       23        8       22        8        0                         0.1463E+08  0.1984E+04  0.6502E+05  0.1443E+05  0.3379E+04  0.7565E+02  0.0000E+00  0.0000E+00
       5       24        9       15        0        0                         0.6543E+07  0.1124E+05  0.2615E+05  0.5780E+04  0.9645E+03  0.1557E+02  0.0000E+00  0.0000E+00
       5       25       24       23        0        0                         0.2117E+08  0.1323E+05  0.9117E+05  0.2021E+05  0.4343E+04  0.9121E+02  0.0000E+00  0.0000E+00
       2       26        9       25        9        0                         0.2116E+08  0.7826E+04  0.9112E+05  0.2019E+05  0.4340E+04  0.1070E+03  0.0000E+00  0.0000E+00
       5       27       10       17        0        0                         0.3255E+07  0.5926E+04  0.1311E+05  0.2895E+04  0.4891E+03  0.7779E+01  0.0000E+00  0.0000E+00
       5       28       27       26        0        0                         0.2442E+08  0.1375E+05  0.1042E+06  0.2308E+05  0.4829E+04  0.1147E+03  0.0000E+00  0.0000E+00
       2       29       10       28       10        0                         0.2441E+08  0.6194E+04  0.1042E+06  0.2308E+05  0.4828E+04  0.1207E+03  0.0000E+00  0.0000E+00
       5       30       11       16        0        0                         0.4303E+07  0.8674E+04  0.1750E+05  0.3870E+04  0.6153E+03  0.1036E+02  0.0000E+00  0.0000E+00
       5       31       30       29        0        0                         0.2872E+08  0.1487E+05  0.1217E+06  0.2695E+05  0.5443E+04  0.1310E+03  0.0000E+00  0.0000E+00
       2       32       11       31       11        0                         0.2872E+08  0.6634E+04  0.1217E+06  0.2694E+05  0.5442E+04  0.1374E+03  0.0000E+00  0.0000E+00
      14       32        1        0        0        0                         0.2872E+08  0.6634E+04  0.1217E+06  0.2694E+05  0.5442E+04  0.1374E+03  0.0000E+00  0.0000E+00
