  icode   ic inum1 inum2 inum3   subed  recmonps reccnstps  flow(m^3)   sed(t)      orgn(kg)    orgp(kg)    nitrate(kg) sol.p(kg)   sol.pst(mg) sor.pst(mg)
       1        1        1        0        0        0                         0.8709E+06  0.1765E+04  0.3332E+04  0.7371E+03  0.1247E+03  0.1854E+01  0.0000E+00  0.0000E+00
       1        2        2        0        0        0                         0.8437E+06  0.2377E+04  0.3377E+04  0.7472E+03  0.1233E+03  0.1575E+01  0.0000E+00  0.0000E+00
       1        3        3        0        0        0                         0.1421E+07  0.5376E+04  0.5676E+04  0.1256E+04  0.2195E+03  0.2349E+01  0.0000E+00  0.0000E+00
       1        4        4        0        0        0                         0.1345E+07  0.5145E+04  0.5590E+04  0.1238E+04  0.1993E+03  0.2120E+01  0.0000E+00  0.0000E+00
       1        5        5        0        0        0                         0.2330E+06  0.1347E+03  0.4881E+03  0.1071E+03  0.5724E+02  0.9724E+00  0.0000E+00  0.0000E+00
       1        6        6        0        0        0                         0.3985E+05  0.1076E+02  0.6530E+02  0.1426E+02  0.5369E+01  0.2184E+00  0.0000E+00  0.0000E+00
       1        7        7        0        0        0                         0.8822E+06  0.1535E+04  0.2944E+04  0.6496E+03  0.1636E+03  0.2546E+01  0.0000E+00  0.0000E+00
       2        8        1        1        1        0                         0.8708E+06  0.1765E+04  0.3331E+04  0.7369E+03  0.1247E+03  0.2013E+01  0.0000E+00  0.0000E+00
       2        9        2        2        2        0                         0.8435E+06  0.2377E+04  0.3376E+04  0.7470E+03  0.1232E+03  0.1758E+01  0.0000E+00  0.0000E+00
       2       10        3        3        3        0                         0.1420E+07  0.5376E+04  0.5674E+04  0.1255E+04  0.2194E+03  0.2787E+01  0.0000E+00  0.0000E+00
       2       11        4        4        4        0                         0.1345E+07  0.5145E+04  0.5586E+04  0.1236E+04  0.1991E+03  0.2900E+01  0.0000E+00  0.0000E+00
       5       12        5       10        0        0                         0.1653E+07  0.5511E+04  0.6162E+04  0.1362E+04  0.2766E+03  0.3759E+01  0.0000E+00  0.0000E+00
       5       13       12       11        0        0                         0.2998E+07  0.1066E+05  0.1175E+05  0.2599E+04  0.4757E+03  0.6659E+01  0.0000E+00  0.0000E+00
       2       14        5       13        5        0                         0.2997E+07  0.8376E+03  0.1175E+05  0.2598E+04  0.4756E+03  0.7200E+01  0.0000E+00  0.0000E+00
       5       15        6        9        0        0                         0.8833E+06  0.2388E+04  0.3442E+04  0.7612E+03  0.1286E+03  0.1977E+01  0.0000E+00  0.0000E+00
       5       16       15       14        0        0                         0.3881E+07  0.3225E+04  0.1519E+05  0.3359E+04  0.6042E+03  0.9177E+01  0.0000E+00  0.0000E+00
       2       17        6       16        6        0                         0.3881E+07  0.1092E+04  0.1519E+05  0.3359E+04  0.6042E+03  0.9450E+01  0.0000E+00  0.0000E+00
       5       18        7        8        0        0                         0.1753E+07  0.3299E+04  0.6275E+04  0.1386E+04  0.2883E+03  0.4559E+01  0.0000E+00  0.0000E+00
       5       19       18       17        0        0                         0.5634E+07  0.4391E+04  0.2146E+05  0.4745E+04  0.8925E+03  0.1401E+02  0.0000E+00  0.0000E+00
       2       20        7       19        7        0                         0.5632E+07  0.1544E+04  0.2145E+05  0.4743E+04  0.8921E+03  0.1591E+02  0.0000E+00  0.0000E+00
      14       20        1        0        0        0                         0.5632E+07  0.1544E+04  0.2145E+05  0.4743E+04  0.8921E+03  0.1591E+02  0.0000E+00  0.0000E+00
