  icode   ic inum1 inum2 inum3   subed  recmonps reccnstps  flow(m^3)   sed(t)      orgn(kg)    orgp(kg)    nitrate(kg) sol.p(kg)   sol.pst(mg) sor.pst(mg)
       1        1        1        0        0        0                         0.2830E+07  0.7278E+04  0.1071E+05  0.2370E+04  0.4763E+03  0.5181E+01  0.0000E+00  0.0000E+00
       1        2        2        0        0        0                         0.1567E+07  0.3939E+04  0.5991E+04  0.1325E+04  0.2343E+03  0.2936E+01  0.0000E+00  0.0000E+00
       1        3        3        0        0        0                         0.1475E+07  0.2881E+04  0.5407E+04  0.1193E+04  0.2231E+03  0.2633E+01  0.0000E+00  0.0000E+00
       1        4        4        0        0        0                         0.2215E+07  0.7818E+04  0.8661E+04  0.1931E+04  0.2973E+03  0.6258E+01  0.0000E+00  0.0000E+00
       1        5        5        0        0        0                         0.2954E+07  0.5548E+04  0.1148E+05  0.2538E+04  0.4358E+03  0.5992E+01  0.0000E+00  0.0000E+00
       1        6        6        0        0        0                         0.1763E+07  0.3087E+04  0.6057E+04  0.1336E+04  0.2645E+03  0.3384E+01  0.0000E+00  0.0000E+00
       1        7        7        0        0        0                         0.1523E+07  0.3818E+04  0.5746E+04  0.1286E+04  0.3762E+03  0.5164E+01  0.0000E+00  0.0000E+00
       1        8        8        0        0        0                         0.1019E+07  0.1109E+04  0.2867E+04  0.6328E+03  0.1964E+03  0.2477E+01  0.0000E+00  0.0000E+00
       1        9        9        0        0        0                         0.4197E+06  0.3799E+03  0.1068E+04  0.2346E+03  0.5882E+02  0.1550E+01  0.0000E+00  0.0000E+00
       2       10        1        1        1        0                         0.2829E+07  0.7278E+04  0.1070E+05  0.2368E+04  0.4760E+03  0.6981E+01  0.0000E+00  0.0000E+00
       2       11        2        2        2        0                         0.1567E+07  0.3939E+04  0.5991E+04  0.1325E+04  0.2342E+03  0.3079E+01  0.0000E+00  0.0000E+00
       2       12        3        3        3        0                         0.1475E+07  0.2881E+04  0.5405E+04  0.1193E+04  0.2230E+03  0.2994E+01  0.0000E+00  0.0000E+00
       2       13        4        4        4        0                         0.2214E+07  0.7818E+04  0.8657E+04  0.1930E+04  0.2970E+03  0.7322E+01  0.0000E+00  0.0000E+00
       2       14        5        5        5        0                         0.2953E+07  0.5548E+04  0.1147E+05  0.2537E+04  0.4355E+03  0.7123E+01  0.0000E+00  0.0000E+00
       5       15        6       12        0        0                         0.3238E+07  0.5967E+04  0.1146E+05  0.2528E+04  0.4875E+03  0.6378E+01  0.0000E+00  0.0000E+00
       5       16       15       14        0        0                         0.6191E+07  0.1152E+05  0.2293E+05  0.5065E+04  0.9230E+03  0.1350E+02  0.0000E+00  0.0000E+00
       2       17        6       16        6        0                         0.6189E+07  0.1415E+04  0.2292E+05  0.5061E+04  0.9224E+03  0.1681E+02  0.0000E+00  0.0000E+00
       5       18        7       13        0        0                         0.3737E+07  0.1164E+05  0.1440E+05  0.3216E+04  0.6732E+03  0.1249E+02  0.0000E+00  0.0000E+00
       5       19       18       17        0        0                         0.9926E+07  0.1305E+05  0.3732E+05  0.8277E+04  0.1596E+04  0.2929E+02  0.0000E+00  0.0000E+00
       2       20        7       19        7        0                         0.9925E+07  0.2867E+04  0.3732E+05  0.8274E+04  0.1595E+04  0.3165E+02  0.0000E+00  0.0000E+00
       5       21        8       11        0        0                         0.2586E+07  0.5048E+04  0.8858E+04  0.1957E+04  0.4307E+03  0.5556E+01  0.0000E+00  0.0000E+00
       5       22       21       20        0        0                         0.1251E+08  0.7914E+04  0.4617E+05  0.1023E+05  0.2026E+04  0.3721E+02  0.0000E+00  0.0000E+00
       2       23        8       22        8        0                         0.1251E+08  0.3114E+04  0.4616E+05  0.1023E+05  0.2025E+04  0.4200E+02  0.0000E+00  0.0000E+00
       5       24        9       10        0        0                         0.3249E+07  0.7658E+04  0.1177E+05  0.2602E+04  0.5348E+03  0.8531E+01  0.0000E+00  0.0000E+00
       5       25       24       23        0        0                         0.1576E+08  0.1077E+05  0.5793E+05  0.1283E+05  0.2560E+04  0.5054E+02  0.0000E+00  0.0000E+00
       2       26        9       25        9        0                         0.1576E+08  0.4113E+04  0.5792E+05  0.1283E+05  0.2559E+04  0.5277E+02  0.0000E+00  0.0000E+00
      14       26        1        0        0        0                         0.1576E+08  0.4113E+04  0.5792E+05  0.1283E+05  0.2559E+04  0.5277E+02  0.0000E+00  0.0000E+00
